<?xml version="1.0" encoding="UTF-8"?>
<testsuite xmlns:xsi="http://www.w3.org/2001/XMLSchema-instance" xsi:noNamespaceSchemaLocation="https://maven.apache.org/surefire/maven-surefire-plugin/xsd/surefire-test-report.xsd" name="TestSuite" time="80.748" tests="2" errors="0" skipped="0" failures="2">
  <properties>
    <property name="sun.desktop" value="windows"/>
    <property name="awt.toolkit" value="sun.awt.windows.WToolkit"/>
    <property name="file.encoding.pkg" value="sun.io"/>
    <property name="java.specification.version" value="1.8"/>
    <property name="sun.cpu.isalist" value="amd64"/>
    <property name="sun.jnu.encoding" value="Cp1252"/>
    <property name="java.class.path" value="C:\Users\rlu\eclipse-workspace\qa\target\test-classes;C:\Users\rlu\eclipse-workspace\qa\target\classes;C:\Users\rlu\.m2\repository\junit\junit\3.8.1\junit-3.8.1.jar;C:\Users\rlu\.m2\repository\org\seleniumhq\selenium\selenium-java\3.1.0\selenium-java-3.1.0.jar;C:\Users\rlu\.m2\repository\org\seleniumhq\selenium\selenium-chrome-driver\3.1.0\selenium-chrome-driver-3.1.0.jar;C:\Users\rlu\.m2\repository\org\seleniumhq\selenium\selenium-remote-driver\3.1.0\selenium-remote-driver-3.1.0.jar;C:\Users\rlu\.m2\repository\org\seleniumhq\selenium\selenium-api\3.1.0\selenium-api-3.1.0.jar;C:\Users\rlu\.m2\repository\org\apache\commons\commons-exec\1.3\commons-exec-1.3.jar;C:\Users\rlu\.m2\repository\net\java\dev\jna\jna-platform\4.1.0\jna-platform-4.1.0.jar;C:\Users\rlu\.m2\repository\net\java\dev\jna\jna\4.1.0\jna-4.1.0.jar;C:\Users\rlu\.m2\repository\org\seleniumhq\selenium\selenium-edge-driver\3.1.0\selenium-edge-driver-3.1.0.jar;C:\Users\rlu\.m2\repository\org\seleniumhq\selenium\selenium-firefox-driver\3.1.0\selenium-firefox-driver-3.1.0.jar;C:\Users\rlu\.m2\repository\org\seleniumhq\selenium\selenium-ie-driver\3.1.0\selenium-ie-driver-3.1.0.jar;C:\Users\rlu\.m2\repository\org\seleniumhq\selenium\selenium-opera-driver\3.1.0\selenium-opera-driver-3.1.0.jar;C:\Users\rlu\.m2\repository\org\seleniumhq\selenium\selenium-safari-driver\3.1.0\selenium-safari-driver-3.1.0.jar;C:\Users\rlu\.m2\repository\org\seleniumhq\selenium\selenium-support\3.1.0\selenium-support-3.1.0.jar;C:\Users\rlu\.m2\repository\net\sourceforge\htmlunit\htmlunit\2.23\htmlunit-2.23.jar;C:\Users\rlu\.m2\repository\xalan\xalan\2.7.2\xalan-2.7.2.jar;C:\Users\rlu\.m2\repository\xalan\serializer\2.7.2\serializer-2.7.2.jar;C:\Users\rlu\.m2\repository\org\apache\httpcomponents\httpmime\4.5.2\httpmime-4.5.2.jar;C:\Users\rlu\.m2\repository\commons-codec\commons-codec\1.10\commons-codec-1.10.jar;C:\Users\rlu\.m2\repository\net\sourceforge\htmlunit\htmlunit-core-js\2.23\htmlunit-core-js-2.23.jar;C:\Users\rlu\.m2\repository\net\sourceforge\htmlunit\neko-htmlunit\2.23\neko-htmlunit-2.23.jar;C:\Users\rlu\.m2\repository\xerces\xercesImpl\2.11.0\xercesImpl-2.11.0.jar;C:\Users\rlu\.m2\repository\xml-apis\xml-apis\1.4.01\xml-apis-1.4.01.jar;C:\Users\rlu\.m2\repository\net\sourceforge\cssparser\cssparser\0.9.20\cssparser-0.9.20.jar;C:\Users\rlu\.m2\repository\org\w3c\css\sac\1.3\sac-1.3.jar;C:\Users\rlu\.m2\repository\commons-io\commons-io\2.5\commons-io-2.5.jar;C:\Users\rlu\.m2\repository\commons-logging\commons-logging\1.2\commons-logging-1.2.jar;C:\Users\rlu\.m2\repository\com\codeborne\phantomjsdriver\1.3.0\phantomjsdriver-1.3.0.jar;C:\Users\rlu\.m2\repository\org\eclipse\jetty\websocket\websocket-client\9.2.15.v20160210\websocket-client-9.2.15.v20160210.jar;C:\Users\rlu\.m2\repository\org\eclipse\jetty\jetty-util\9.2.15.v20160210\jetty-util-9.2.15.v20160210.jar;C:\Users\rlu\.m2\repository\org\eclipse\jetty\jetty-io\9.2.15.v20160210\jetty-io-9.2.15.v20160210.jar;C:\Users\rlu\.m2\repository\org\eclipse\jetty\websocket\websocket-common\9.2.15.v20160210\websocket-common-9.2.15.v20160210.jar;C:\Users\rlu\.m2\repository\org\eclipse\jetty\websocket\websocket-api\9.2.15.v20160210\websocket-api-9.2.15.v20160210.jar;C:\Users\rlu\.m2\repository\org\testng\testng\6.8\testng-6.8.jar;C:\Users\rlu\.m2\repository\org\beanshell\bsh\2.0b4\bsh-2.0b4.jar;C:\Users\rlu\.m2\repository\com\beust\jcommander\1.27\jcommander-1.27.jar;C:\Users\rlu\.m2\repository\org\yaml\snakeyaml\1.6\snakeyaml-1.6.jar;C:\Users\rlu\.m2\repository\io\appium\java-client\4.1.2\java-client-4.1.2.jar;C:\Users\rlu\.m2\repository\com\google\code\gson\gson\2.7\gson-2.7.jar;C:\Users\rlu\.m2\repository\org\apache\httpcomponents\httpclient\4.5.2\httpclient-4.5.2.jar;C:\Users\rlu\.m2\repository\org\apache\httpcomponents\httpcore\4.4.4\httpcore-4.4.4.jar;C:\Users\rlu\.m2\repository\commons-validator\commons-validator\1.5.1\commons-validator-1.5.1.jar;C:\Users\rlu\.m2\repository\commons-beanutils\commons-beanutils\1.9.2\commons-beanutils-1.9.2.jar;C:\Users\rlu\.m2\repository\commons-digester\commons-digester\1.8.1\commons-digester-1.8.1.jar;C:\Users\rlu\.m2\repository\commons-collections\commons-collections\3.2.2\commons-collections-3.2.2.jar;C:\Users\rlu\.m2\repository\org\apache\commons\commons-lang3\3.4\commons-lang3-3.4.jar;C:\Users\rlu\.m2\repository\cglib\cglib-nodep\3.2.4\cglib-nodep-3.2.4.jar;C:\Users\rlu\.m2\repository\org\springframework\spring-context\4.3.2.RELEASE\spring-context-4.3.2.RELEASE.jar;C:\Users\rlu\.m2\repository\org\springframework\spring-aop\4.3.2.RELEASE\spring-aop-4.3.2.RELEASE.jar;C:\Users\rlu\.m2\repository\org\springframework\spring-beans\4.3.2.RELEASE\spring-beans-4.3.2.RELEASE.jar;C:\Users\rlu\.m2\repository\org\springframework\spring-core\4.3.2.RELEASE\spring-core-4.3.2.RELEASE.jar;C:\Users\rlu\.m2\repository\org\springframework\spring-expression\4.3.2.RELEASE\spring-expression-4.3.2.RELEASE.jar;C:\Users\rlu\.m2\repository\org\aspectj\aspectjweaver\1.8.9\aspectjweaver-1.8.9.jar;C:\Users\rlu\.m2\repository\com\google\guava\guava\22.0\guava-22.0.jar;C:\Users\rlu\.m2\repository\com\google\code\findbugs\jsr305\1.3.9\jsr305-1.3.9.jar;C:\Users\rlu\.m2\repository\com\google\errorprone\error_prone_annotations\2.0.18\error_prone_annotations-2.0.18.jar;C:\Users\rlu\.m2\repository\com\google\j2objc\j2objc-annotations\1.1\j2objc-annotations-1.1.jar;C:\Users\rlu\.m2\repository\org\codehaus\mojo\animal-sniffer-annotations\1.14\animal-sniffer-annotations-1.14.jar;C:\Users\rlu\.m2\repository\com\google\api-client\google-api-client-appengine\1.23.0\google-api-client-appengine-1.23.0.jar;C:\Users\rlu\.m2\repository\com\google\oauth-client\google-oauth-client-appengine\1.23.0\google-oauth-client-appengine-1.23.0.jar;C:\Users\rlu\.m2\repository\com\google\oauth-client\google-oauth-client\1.23.0\google-oauth-client-1.23.0.jar;C:\Users\rlu\.m2\repository\com\google\oauth-client\google-oauth-client-servlet\1.23.0\google-oauth-client-servlet-1.23.0.jar;C:\Users\rlu\.m2\repository\com\google\http-client\google-http-client-jdo\1.23.0\google-http-client-jdo-1.23.0.jar;C:\Users\rlu\.m2\repository\com\google\api-client\google-api-client\1.23.0\google-api-client-1.23.0.jar;C:\Users\rlu\.m2\repository\com\google\http-client\google-http-client-jackson2\1.23.0\google-http-client-jackson2-1.23.0.jar;C:\Users\rlu\.m2\repository\com\fasterxml\jackson\core\jackson-core\2.1.3\jackson-core-2.1.3.jar;C:\Users\rlu\.m2\repository\com\google\api-client\google-api-client-servlet\1.23.0\google-api-client-servlet-1.23.0.jar;C:\Users\rlu\.m2\repository\javax\servlet\servlet-api\2.5\servlet-api-2.5.jar;C:\Users\rlu\.m2\repository\javax\jdo\jdo2-api\2.3-eb\jdo2-api-2.3-eb.jar;C:\Users\rlu\.m2\repository\javax\transaction\transaction-api\1.1\transaction-api-1.1.jar;C:\Users\rlu\.m2\repository\com\google\http-client\google-http-client-appengine\1.23.0\google-http-client-appengine-1.23.0.jar;C:\Users\rlu\.m2\repository\com\google\http-client\google-http-client\1.23.0\google-http-client-1.23.0.jar;"/>
    <property name="java.vm.vendor" value="Oracle Corporation"/>
    <property name="sun.arch.data.model" value="64"/>
    <property name="user.variant" value=""/>
    <property name="java.vendor.url" value="http://java.oracle.com/"/>
    <property name="user.timezone" value="America/New_York"/>
    <property name="java.vm.specification.version" value="1.8"/>
    <property name="os.name" value="Windows 10"/>
    <property name="user.country" value="CA"/>
    <property name="sun.java.launcher" value="SUN_STANDARD"/>
    <property name="sun.boot.library.path" value="C:\Program Files\Java\jdk1.8.0_181\jre\bin"/>
    <property name="sun.java.command" value="C:\Users\rlu\AppData\Local\Temp\surefire8006284367868186011\surefirebooter1475172386640453390.jar C:\Users\rlu\AppData\Local\Temp\surefire8006284367868186011 2018-11-14T16-48-36_224-jvmRun1 surefire2158134803686117777tmp surefire_04929828602051788188tmp"/>
    <property name="surefire.test.class.path" value="C:\Users\rlu\eclipse-workspace\qa\target\test-classes;C:\Users\rlu\eclipse-workspace\qa\target\classes;C:\Users\rlu\.m2\repository\junit\junit\3.8.1\junit-3.8.1.jar;C:\Users\rlu\.m2\repository\org\seleniumhq\selenium\selenium-java\3.1.0\selenium-java-3.1.0.jar;C:\Users\rlu\.m2\repository\org\seleniumhq\selenium\selenium-chrome-driver\3.1.0\selenium-chrome-driver-3.1.0.jar;C:\Users\rlu\.m2\repository\org\seleniumhq\selenium\selenium-remote-driver\3.1.0\selenium-remote-driver-3.1.0.jar;C:\Users\rlu\.m2\repository\org\seleniumhq\selenium\selenium-api\3.1.0\selenium-api-3.1.0.jar;C:\Users\rlu\.m2\repository\org\apache\commons\commons-exec\1.3\commons-exec-1.3.jar;C:\Users\rlu\.m2\repository\net\java\dev\jna\jna-platform\4.1.0\jna-platform-4.1.0.jar;C:\Users\rlu\.m2\repository\net\java\dev\jna\jna\4.1.0\jna-4.1.0.jar;C:\Users\rlu\.m2\repository\org\seleniumhq\selenium\selenium-edge-driver\3.1.0\selenium-edge-driver-3.1.0.jar;C:\Users\rlu\.m2\repository\org\seleniumhq\selenium\selenium-firefox-driver\3.1.0\selenium-firefox-driver-3.1.0.jar;C:\Users\rlu\.m2\repository\org\seleniumhq\selenium\selenium-ie-driver\3.1.0\selenium-ie-driver-3.1.0.jar;C:\Users\rlu\.m2\repository\org\seleniumhq\selenium\selenium-opera-driver\3.1.0\selenium-opera-driver-3.1.0.jar;C:\Users\rlu\.m2\repository\org\seleniumhq\selenium\selenium-safari-driver\3.1.0\selenium-safari-driver-3.1.0.jar;C:\Users\rlu\.m2\repository\org\seleniumhq\selenium\selenium-support\3.1.0\selenium-support-3.1.0.jar;C:\Users\rlu\.m2\repository\net\sourceforge\htmlunit\htmlunit\2.23\htmlunit-2.23.jar;C:\Users\rlu\.m2\repository\xalan\xalan\2.7.2\xalan-2.7.2.jar;C:\Users\rlu\.m2\repository\xalan\serializer\2.7.2\serializer-2.7.2.jar;C:\Users\rlu\.m2\repository\org\apache\httpcomponents\httpmime\4.5.2\httpmime-4.5.2.jar;C:\Users\rlu\.m2\repository\commons-codec\commons-codec\1.10\commons-codec-1.10.jar;C:\Users\rlu\.m2\repository\net\sourceforge\htmlunit\htmlunit-core-js\2.23\htmlunit-core-js-2.23.jar;C:\Users\rlu\.m2\repository\net\sourceforge\htmlunit\neko-htmlunit\2.23\neko-htmlunit-2.23.jar;C:\Users\rlu\.m2\repository\xerces\xercesImpl\2.11.0\xercesImpl-2.11.0.jar;C:\Users\rlu\.m2\repository\xml-apis\xml-apis\1.4.01\xml-apis-1.4.01.jar;C:\Users\rlu\.m2\repository\net\sourceforge\cssparser\cssparser\0.9.20\cssparser-0.9.20.jar;C:\Users\rlu\.m2\repository\org\w3c\css\sac\1.3\sac-1.3.jar;C:\Users\rlu\.m2\repository\commons-io\commons-io\2.5\commons-io-2.5.jar;C:\Users\rlu\.m2\repository\commons-logging\commons-logging\1.2\commons-logging-1.2.jar;C:\Users\rlu\.m2\repository\com\codeborne\phantomjsdriver\1.3.0\phantomjsdriver-1.3.0.jar;C:\Users\rlu\.m2\repository\org\eclipse\jetty\websocket\websocket-client\9.2.15.v20160210\websocket-client-9.2.15.v20160210.jar;C:\Users\rlu\.m2\repository\org\eclipse\jetty\jetty-util\9.2.15.v20160210\jetty-util-9.2.15.v20160210.jar;C:\Users\rlu\.m2\repository\org\eclipse\jetty\jetty-io\9.2.15.v20160210\jetty-io-9.2.15.v20160210.jar;C:\Users\rlu\.m2\repository\org\eclipse\jetty\websocket\websocket-common\9.2.15.v20160210\websocket-common-9.2.15.v20160210.jar;C:\Users\rlu\.m2\repository\org\eclipse\jetty\websocket\websocket-api\9.2.15.v20160210\websocket-api-9.2.15.v20160210.jar;C:\Users\rlu\.m2\repository\org\testng\testng\6.8\testng-6.8.jar;C:\Users\rlu\.m2\repository\org\beanshell\bsh\2.0b4\bsh-2.0b4.jar;C:\Users\rlu\.m2\repository\com\beust\jcommander\1.27\jcommander-1.27.jar;C:\Users\rlu\.m2\repository\org\yaml\snakeyaml\1.6\snakeyaml-1.6.jar;C:\Users\rlu\.m2\repository\io\appium\java-client\4.1.2\java-client-4.1.2.jar;C:\Users\rlu\.m2\repository\com\google\code\gson\gson\2.7\gson-2.7.jar;C:\Users\rlu\.m2\repository\org\apache\httpcomponents\httpclient\4.5.2\httpclient-4.5.2.jar;C:\Users\rlu\.m2\repository\org\apache\httpcomponents\httpcore\4.4.4\httpcore-4.4.4.jar;C:\Users\rlu\.m2\repository\commons-validator\commons-validator\1.5.1\commons-validator-1.5.1.jar;C:\Users\rlu\.m2\repository\commons-beanutils\commons-beanutils\1.9.2\commons-beanutils-1.9.2.jar;C:\Users\rlu\.m2\repository\commons-digester\commons-digester\1.8.1\commons-digester-1.8.1.jar;C:\Users\rlu\.m2\repository\commons-collections\commons-collections\3.2.2\commons-collections-3.2.2.jar;C:\Users\rlu\.m2\repository\org\apache\commons\commons-lang3\3.4\commons-lang3-3.4.jar;C:\Users\rlu\.m2\repository\cglib\cglib-nodep\3.2.4\cglib-nodep-3.2.4.jar;C:\Users\rlu\.m2\repository\org\springframework\spring-context\4.3.2.RELEASE\spring-context-4.3.2.RELEASE.jar;C:\Users\rlu\.m2\repository\org\springframework\spring-aop\4.3.2.RELEASE\spring-aop-4.3.2.RELEASE.jar;C:\Users\rlu\.m2\repository\org\springframework\spring-beans\4.3.2.RELEASE\spring-beans-4.3.2.RELEASE.jar;C:\Users\rlu\.m2\repository\org\springframework\spring-core\4.3.2.RELEASE\spring-core-4.3.2.RELEASE.jar;C:\Users\rlu\.m2\repository\org\springframework\spring-expression\4.3.2.RELEASE\spring-expression-4.3.2.RELEASE.jar;C:\Users\rlu\.m2\repository\org\aspectj\aspectjweaver\1.8.9\aspectjweaver-1.8.9.jar;C:\Users\rlu\.m2\repository\com\google\guava\guava\22.0\guava-22.0.jar;C:\Users\rlu\.m2\repository\com\google\code\findbugs\jsr305\1.3.9\jsr305-1.3.9.jar;C:\Users\rlu\.m2\repository\com\google\errorprone\error_prone_annotations\2.0.18\error_prone_annotations-2.0.18.jar;C:\Users\rlu\.m2\repository\com\google\j2objc\j2objc-annotations\1.1\j2objc-annotations-1.1.jar;C:\Users\rlu\.m2\repository\org\codehaus\mojo\animal-sniffer-annotations\1.14\animal-sniffer-annotations-1.14.jar;C:\Users\rlu\.m2\repository\com\google\api-client\google-api-client-appengine\1.23.0\google-api-client-appengine-1.23.0.jar;C:\Users\rlu\.m2\repository\com\google\oauth-client\google-oauth-client-appengine\1.23.0\google-oauth-client-appengine-1.23.0.jar;C:\Users\rlu\.m2\repository\com\google\oauth-client\google-oauth-client\1.23.0\google-oauth-client-1.23.0.jar;C:\Users\rlu\.m2\repository\com\google\oauth-client\google-oauth-client-servlet\1.23.0\google-oauth-client-servlet-1.23.0.jar;C:\Users\rlu\.m2\repository\com\google\http-client\google-http-client-jdo\1.23.0\google-http-client-jdo-1.23.0.jar;C:\Users\rlu\.m2\repository\com\google\api-client\google-api-client\1.23.0\google-api-client-1.23.0.jar;C:\Users\rlu\.m2\repository\com\google\http-client\google-http-client-jackson2\1.23.0\google-http-client-jackson2-1.23.0.jar;C:\Users\rlu\.m2\repository\com\fasterxml\jackson\core\jackson-core\2.1.3\jackson-core-2.1.3.jar;C:\Users\rlu\.m2\repository\com\google\api-client\google-api-client-servlet\1.23.0\google-api-client-servlet-1.23.0.jar;C:\Users\rlu\.m2\repository\javax\servlet\servlet-api\2.5\servlet-api-2.5.jar;C:\Users\rlu\.m2\repository\javax\jdo\jdo2-api\2.3-eb\jdo2-api-2.3-eb.jar;C:\Users\rlu\.m2\repository\javax\transaction\transaction-api\1.1\transaction-api-1.1.jar;C:\Users\rlu\.m2\repository\com\google\http-client\google-http-client-appengine\1.23.0\google-http-client-appengine-1.23.0.jar;C:\Users\rlu\.m2\repository\com\google\http-client\google-http-client\1.23.0\google-http-client-1.23.0.jar;"/>
    <property name="sun.cpu.endian" value="little"/>
    <property name="user.home" value="C:\Users\rlu"/>
    <property name="user.language" value="en"/>
    <property name="java.specification.vendor" value="Oracle Corporation"/>
    <property name="java.home" value="C:\Program Files\Java\jdk1.8.0_181\jre"/>
    <property name="basedir" value="C:\Users\rlu\eclipse-workspace\qa"/>
    <property name="file.separator" value="\"/>
    <property name="line.separator" value="&#10;"/>
    <property name="java.vm.specification.vendor" value="Oracle Corporation"/>
    <property name="java.specification.name" value="Java Platform API Specification"/>
    <property name="java.awt.graphicsenv" value="sun.awt.Win32GraphicsEnvironment"/>
    <property name="surefire.real.class.path" value="C:\Users\rlu\AppData\Local\Temp\surefire8006284367868186011\surefirebooter1475172386640453390.jar"/>
    <property name="sun.boot.class.path" value="C:\Program Files\Java\jdk1.8.0_181\jre\lib\resources.jar;C:\Program Files\Java\jdk1.8.0_181\jre\lib\rt.jar;C:\Program Files\Java\jdk1.8.0_181\jre\lib\sunrsasign.jar;C:\Program Files\Java\jdk1.8.0_181\jre\lib\jsse.jar;C:\Program Files\Java\jdk1.8.0_181\jre\lib\jce.jar;C:\Program Files\Java\jdk1.8.0_181\jre\lib\charsets.jar;C:\Program Files\Java\jdk1.8.0_181\jre\lib\jfr.jar;C:\Program Files\Java\jdk1.8.0_181\jre\classes"/>
    <property name="user.script" value=""/>
    <property name="sun.management.compiler" value="HotSpot 64-Bit Tiered Compilers"/>
    <property name="java.runtime.version" value="1.8.0_181-b13"/>
    <property name="user.name" value="rlu"/>
    <property name="path.separator" value=";"/>
    <property name="os.version" value="10.0"/>
    <property name="java.endorsed.dirs" value="C:\Program Files\Java\jdk1.8.0_181\jre\lib\endorsed"/>
    <property name="java.runtime.name" value="Java(TM) SE Runtime Environment"/>
    <property name="file.encoding" value="Cp1252"/>
    <property name="java.vm.name" value="Java HotSpot(TM) 64-Bit Server VM"/>
    <property name="localRepository" value="C:\Users\rlu\.m2\repository"/>
    <property name="java.vendor.url.bug" value="http://bugreport.sun.com/bugreport/"/>
    <property name="java.io.tmpdir" value="C:\Users\rlu\AppData\Local\Temp\"/>
    <property name="java.version" value="1.8.0_181"/>
    <property name="user.dir" value="C:\Users\rlu\eclipse-workspace\qa"/>
    <property name="os.arch" value="amd64"/>
    <property name="java.vm.specification.name" value="Java Virtual Machine Specification"/>
    <property name="java.awt.printerjob" value="sun.awt.windows.WPrinterJob"/>
    <property name="sun.os.patch.level" value=""/>
    <property name="java.library.path" value="C:\Program Files\Java\jdk1.8.0_181\jre\bin;C:\Windows\Sun\Java\bin;C:\Windows\system32;C:\Windows;C:\Program Files (x86)\RSA SecurID Token Common;C:\Windows\system32;C:\Windows;C:\Windows\System32\Wbem;C:\Windows\System32\WindowsPowerShell\v1.0\;C:\Users\rlu\AppData\Local\Android\Sdk\platform-tools;C:\Users\rlu\AppData\Local\Android\Sdk\tools;C:\Users\rlu\AppData\Local\Android\Sdk\tools\bin;C:\Program Files\nodejs\;C:\Program Files\apache\apache-maven-3.5.4\bin;C:\Program Files\Java\jdk1.8.0_181\bin;C:\Users\rlu\AppData\Local\Microsoft\WindowsApps;C:\Users\rlu\AppData\Roaming\npm;."/>
    <property name="java.vm.info" value="mixed mode"/>
    <property name="java.vendor" value="Oracle Corporation"/>
    <property name="java.vm.version" value="25.181-b13"/>
    <property name="java.ext.dirs" value="C:\Program Files\Java\jdk1.8.0_181\jre\lib\ext;C:\Windows\Sun\Java\lib\ext"/>
    <property name="sun.io.unicode.encoding" value="UnicodeLittle"/>
    <property name="java.class.version" value="52.0"/>
  </properties>
  <testcase name="activate" classname="com.theScore.maven.qa.nba" time="23.868">
    <failure message="java.net.SocketException: Connection reset&#10;Build info: version: &apos;3.1.0&apos;, revision: &apos;b94c902&apos;, time: &apos;2017-02-16 12:21:31 -0800&apos;&#10;System info: host: &apos;ENG-TSB-A&apos;, ip: &apos;192.168.1.110&apos;, os.name: &apos;Windows 10&apos;, os.arch: &apos;amd64&apos;, os.version: &apos;10.0&apos;, java.version: &apos;1.8.0_181&apos;&#10;Driver info: driver.version: AndroidDriver" type="org.openqa.selenium.WebDriverException">org.openqa.selenium.WebDriverException: 
java.net.SocketException: Connection reset
Build info: version: '3.1.0', revision: 'b94c902', time: '2017-02-16 12:21:31 -0800'
System info: host: 'ENG-TSB-A', ip: '192.168.1.110', os.name: 'Windows 10', os.arch: 'amd64', os.version: '10.0', java.version: '1.8.0_181'
Driver info: driver.version: AndroidDriver
	at com.theScore.maven.qa.nba.activate(nba.java:55)
Caused by: java.net.SocketException: Connection reset
	at com.theScore.maven.qa.nba.activate(nba.java:55)
</failure>
    <system-err><![CDATA[Nov 14, 2018 4:49:33 PM org.openqa.selenium.remote.ProtocolHandshake createSession
INFO: Detected dialect: OSS
]]></system-err>
  </testcase>
  <testcase name="tearDown" classname="com.theScore.maven.qa.nba" time="25.909">
    <failure message="org.apache.http.conn.HttpHostConnectException: Connect to 127.0.0.1:4723 [/127.0.0.1] failed: Connection refused: connect&#10;Build info: version: &apos;3.1.0&apos;, revision: &apos;b94c902&apos;, time: &apos;2017-02-16 12:21:31 -0800&apos;&#10;System info: host: &apos;ENG-TSB-A&apos;, ip: &apos;192.168.1.110&apos;, os.name: &apos;Windows 10&apos;, os.arch: &apos;amd64&apos;, os.version: &apos;10.0&apos;, java.version: &apos;1.8.0_181&apos;&#10;Driver info: driver.version: RemoteWebDriver" type="org.openqa.selenium.WebDriverException">org.openqa.selenium.WebDriverException: 
org.apache.http.conn.HttpHostConnectException: Connect to 127.0.0.1:4723 [/127.0.0.1] failed: Connection refused: connect
Build info: version: '3.1.0', revision: 'b94c902', time: '2017-02-16 12:21:31 -0800'
System info: host: 'ENG-TSB-A', ip: '192.168.1.110', os.name: 'Windows 10', os.arch: 'amd64', os.version: '10.0', java.version: '1.8.0_181'
Driver info: driver.version: RemoteWebDriver
	at com.theScore.maven.qa.nba.tearDown(nba.java:112)
Caused by: org.apache.http.conn.HttpHostConnectException: Connect to 127.0.0.1:4723 [/127.0.0.1] failed: Connection refused: connect
	at com.theScore.maven.qa.nba.tearDown(nba.java:112)
Caused by: java.net.ConnectException: Connection refused: connect
	at com.theScore.maven.qa.nba.tearDown(nba.java:112)
</failure>
  </testcase>
</testsuite>